<?xml version="1.0" encoding="UTF-8"?>
<!-- Generated by org.testng.reporters.JUnitReportReporter -->
<testsuite hostname="LTA124RH55" failures="0" tests="1" name="com.scripts.PQRTestCase3" time="0.003" errors="0" timestamp="2022-05-05T19:08:19 IST" skipped="0">
  <testcase classname="com.scripts.PQRTestCase3" name="tc3" time="0.003"/>
  <system-out>
Hello SQL  </system-out>
</testsuite> <!-- com.scripts.PQRTestCase3 -->
