<?xml version="1.0" encoding="UTF-8"?>
<!-- Generated by org.testng.reporters.JUnitReportReporter -->
<testsuite hostname="LTA124RH55" failures="0" tests="1" name="com.scripts.PQRTestCase1" time="0.013" errors="0" timestamp="2022-05-05T19:08:19 IST" skipped="0">
  <testcase classname="com.scripts.PQRTestCase1" name="tc1" time="0.013"/>
  <system-out>
Hello java  </system-out>
</testsuite> <!-- com.scripts.PQRTestCase1 -->
