<?xml version="1.0" encoding="UTF-8"?>
<!-- Generated by org.testng.reporters.JUnitReportReporter -->
<testsuite hostname="LTA124RH55" failures="0" tests="1" name="com.scripts.PQRTestCase2" time="0.002" errors="0" timestamp="2022-05-05T19:08:19 IST" skipped="0">
  <testcase classname="com.scripts.PQRTestCase2" name="tc2" time="0.002"/>
  <system-out>
Hello selenium  </system-out>
</testsuite> <!-- com.scripts.PQRTestCase2 -->
